2003.01.24 17:03 B C:\inf\sites\directoresfunerarios.com\imagenes\001.jpg <-- directoresfunerarios.com /fNunYbr8/imagenes 001.jpg
2003.01.24 17:03 B C:\inf\sites\directoresfunerarios.com\imagenes\bien.jpg <-- directoresfunerarios.com /fNunYbr8/imagenes bien.jpg
2003.01.24 17:03 B C:\inf\sites\directoresfunerarios.com\imagenes\cabezote.jpg <-- directoresfunerarios.com /fNunYbr8/imagenes cabezote.jpg
2003.01.24 17:03 B C:\inf\sites\directoresfunerarios.com\imagenes\con-1.jpg <-- directoresfunerarios.com /fNunYbr8/imagenes con-1.jpg
2003.01.24 17:03 B C:\inf\sites\directoresfunerarios.com\imagenes\con-2.jpg <-- directoresfunerarios.com /fNunYbr8/imagenes con-2.jpg
2003.01.24 17:03 B C:\inf\sites\directoresfunerarios.com\imagenes\DP-(Color).jpg <-- directoresfunerarios.com /fNunYbr8/imagenes DP-(Color).jpg
2003.01.24 17:03 B C:\inf\sites\directoresfunerarios.com\imagenes\e1.jpg <-- directoresfunerarios.com /fNunYbr8/imagenes e1.jpg
2003.01.24 17:03 B C:\inf\sites\directoresfunerarios.com\imagenes\e2.jpg <-- directoresfunerarios.com /fNunYbr8/imagenes e2.jpg
2003.01.24 17:03 B C:\inf\sites\directoresfunerarios.com\imagenes\espanol-1.jpg <-- directoresfunerarios.com /fNunYbr8/imagenes espanol-1.jpg
2003.01.24 17:03 B C:\inf\sites\directoresfunerarios.com\imagenes\espanol.jpg <-- directoresfunerarios.com /fNunYbr8/imagenes espanol.jpg
2003.01.24 17:03 B C:\inf\sites\directoresfunerarios.com\imagenes\et-1.jpg <-- directoresfunerarios.com /fNunYbr8/imagenes et-1.jpg
2003.01.24 17:03 B C:\inf\sites\directoresfunerarios.com\imagenes\et-2.jpg <-- directoresfunerarios.com /fNunYbr8/imagenes et-2.jpg
2003.01.24 17:03 B C:\inf\sites\directoresfunerarios.com\imagenes\fondillo.jpg <-- directoresfunerarios.com /fNunYbr8/imagenes fondillo.jpg
2003.01.24 17:03 B C:\inf\sites\directoresfunerarios.com\imagenes\fondo 1.jpg <-- directoresfunerarios.com /fNunYbr8/imagenes fondo 1.jpg
2003.01.24 17:03 B C:\inf\sites\directoresfunerarios.com\imagenes\fondo-1.jpg <-- directoresfunerarios.com /fNunYbr8/imagenes fondo-1.jpg
2003.01.24 17:03 B C:\inf\sites\directoresfunerarios.com\imagenes\fondo-2.jpg <-- directoresfunerarios.com /fNunYbr8/imagenes fondo-2.jpg
2003.01.24 17:03 B C:\inf\sites\directoresfunerarios.com\imagenes\ingles-1.jpg <-- directoresfunerarios.com /fNunYbr8/imagenes ingles-1.jpg
2003.01.24 17:03 B C:\inf\sites\directoresfunerarios.com\imagenes\ingles.jpg <-- directoresfunerarios.com /fNunYbr8/imagenes ingles.jpg
2003.01.24 17:03 B C:\inf\sites\directoresfunerarios.com\imagenes\noticia-1.jpg <-- directoresfunerarios.com /fNunYbr8/imagenes noticia-1.jpg
2003.01.24 17:03 B C:\inf\sites\directoresfunerarios.com\imagenes\noticia-2.jpg <-- directoresfunerarios.com /fNunYbr8/imagenes noticia-2.jpg
2003.01.24 17:03 B C:\inf\sites\directoresfunerarios.com\imagenes\ob1.jpg <-- directoresfunerarios.com /fNunYbr8/imagenes ob1.jpg
2003.01.24 17:04 B C:\inf\sites\directoresfunerarios.com\imagenes\ob2.jpg <-- directoresfunerarios.com /fNunYbr8/imagenes ob2.jpg
2003.01.24 17:04 B C:\inf\sites\directoresfunerarios.com\imagenes\p.jpg <-- directoresfunerarios.com /fNunYbr8/imagenes p.jpg
2003.01.24 17:04 B C:\inf\sites\directoresfunerarios.com\imagenes\pie1.jpg <-- directoresfunerarios.com /fNunYbr8/imagenes pie1.jpg
2003.01.24 17:04 B C:\inf\sites\directoresfunerarios.com\imagenes\pie2.jpg <-- directoresfunerarios.com /fNunYbr8/imagenes pie2.jpg
2003.01.24 17:04 B C:\inf\sites\directoresfunerarios.com\imagenes\rv-1.jpg <-- directoresfunerarios.com /fNunYbr8/imagenes rv-1.jpg
2003.01.24 17:04 B C:\inf\sites\directoresfunerarios.com\imagenes\rv-1f.jpg <-- directoresfunerarios.com /fNunYbr8/imagenes rv-1f.jpg
2003.01.24 17:04 B C:\inf\sites\directoresfunerarios.com\imagenes\rv-2-negro.jpg <-- directoresfunerarios.com /fNunYbr8/imagenes rv-2-negro.jpg
2003.11.20 09:36 B E:\ultimoscambios19112003\funeraria\imagenes\estat.gif --> 200.31.19.32 /fNunYbr8/imagenes estat.gif
2003.11.20 09:36 B E:\ultimoscambios19112003\funeraria\imagenes\Thumbs.db --> 200.31.19.32 /fNunYbr8/imagenes Thumbs.db
2003.11.20 15:49 B C:\BACKUP_FUN\imagenes\WS_FTP.LOG <-- Hostingred /fNunYbr8/imagenes WS_FTP.LOG
